<?xml version="1.0" encoding="UTF-8"?>
<testng-results ignored="0" total="2" passed="2" failed="0" skipped="0">
  <reporter-output>
  </reporter-output>
  <suite started-at="2025-07-16T13:24:46 IST" name="Automation Suite" finished-at="2025-07-16T13:24:54 IST" duration-ms="7407">
    <groups>
    </groups>
    <test started-at="2025-07-16T13:24:46 IST" name="Regression Test" finished-at="2025-07-16T13:24:54 IST" duration-ms="7407">
      <class name="tests.LoginTest">
        <test-method is-config="true" signature="setup()[pri:0, instance:tests.LoginTest@34a3d150]" started-at="2025-07-16T13:24:46 IST" name="setup" finished-at="2025-07-16T13:24:49 IST" duration-ms="2712" status="PASS">
          <reporter-output>
          </reporter-output>
        </test-method> <!-- setup -->
        <test-method signature="testLoginWithValidCredentials()[pri:0, instance:tests.LoginTest@34a3d150]" started-at="2025-07-16T13:24:49 IST" name="testLoginWithValidCredentials" finished-at="2025-07-16T13:24:50 IST" duration-ms="736" status="PASS">
          <reporter-output>
          </reporter-output>
        </test-method> <!-- testLoginWithValidCredentials -->
        <test-method is-config="true" signature="tearDown()[pri:0, instance:tests.LoginTest@34a3d150]" started-at="2025-07-16T13:24:50 IST" name="tearDown" finished-at="2025-07-16T13:24:50 IST" duration-ms="417" status="PASS">
          <reporter-output>
          </reporter-output>
        </test-method> <!-- tearDown -->
      </class> <!-- tests.LoginTest -->
      <class name="tests.LogoutTest">
        <test-method is-config="true" signature="setup()[pri:0, instance:tests.LogoutTest@22555ebf]" started-at="2025-07-16T13:24:50 IST" name="setup" finished-at="2025-07-16T13:24:52 IST" duration-ms="1900" status="PASS">
          <reporter-output>
          </reporter-output>
        </test-method> <!-- setup -->
        <test-method signature="testLogout()[pri:0, instance:tests.LogoutTest@22555ebf]" started-at="2025-07-16T13:24:52 IST" name="testLogout" finished-at="2025-07-16T13:24:53 IST" duration-ms="1346" status="PASS">
          <reporter-output>
          </reporter-output>
        </test-method> <!-- testLogout -->
        <test-method is-config="true" signature="tearDown()[pri:0, instance:tests.LogoutTest@22555ebf]" started-at="2025-07-16T13:24:53 IST" name="tearDown" finished-at="2025-07-16T13:24:54 IST" duration-ms="221" status="PASS">
          <reporter-output>
          </reporter-output>
        </test-method> <!-- tearDown -->
      </class> <!-- tests.LogoutTest -->
    </test> <!-- Regression Test -->
  </suite> <!-- Automation Suite -->
</testng-results>
